<?xml version="1.0" encoding="UTF-8"?>
<testng-results ignored="0" total="1" passed="1" failed="0" skipped="0">
  <reporter-output>
  </reporter-output>
  <suite started-at="2024-08-01T18:28:28 CDT" name="Suite" finished-at="2024-08-01T18:28:31 CDT" duration-ms="2824">
    <groups>
    </groups>
    <test started-at="2024-08-01T18:28:28 CDT" name="Test" finished-at="2024-08-01T18:28:31 CDT" duration-ms="2824">
      <class name="testCase.ReqRes_Test">
        <test-method signature="createandverifyResponse()[pri:8, instance:testCase.ReqRes_Test@4dc27487]" started-at="2024-08-01T18:28:28 CDT" name="createandverifyResponse" finished-at="2024-08-01T18:28:31 CDT" duration-ms="2540" status="PASS">
          <reporter-output>
          </reporter-output>
        </test-method> <!-- createandverifyResponse -->
      </class> <!-- testCase.ReqRes_Test -->
    </test> <!-- Test -->
  </suite> <!-- Suite -->
</testng-results>
