<?xml version="1.0" encoding="UTF-8"?>
<testng-results ignored="0" total="1" passed="1" failed="0" skipped="0">
  <reporter-output>
  </reporter-output>
  <suite started-at="2024-08-02T16:22:38 CDT" name="Suite" finished-at="2024-08-02T16:22:40 CDT" duration-ms="1886">
    <groups>
    </groups>
    <test started-at="2024-08-02T16:22:38 CDT" name="Test" finished-at="2024-08-02T16:22:40 CDT" duration-ms="1886">
      <class name="interview.Utils">
        <test-method signature="testPostUsingJsonFile()[pri:0, instance:interview.Utils@7813cb11]" started-at="2024-08-02T16:22:38 CDT" name="testPostUsingJsonFile" finished-at="2024-08-02T16:22:40 CDT" duration-ms="1712" status="PASS">
          <reporter-output>
          </reporter-output>
        </test-method> <!-- testPostUsingJsonFile -->
      </class> <!-- interview.Utils -->
    </test> <!-- Test -->
  </suite> <!-- Suite -->
</testng-results>
